<?xml version="1.0" encoding="UTF-8"?>
<testsuite name="week1.HelloTest" tests="1" skipped="0" failures="0" errors="0" timestamp="2021-05-18T14:25:44" hostname="imtaebin-ui-MacBookPro-2.local" time="0.022">
  <properties/>
  <testcase name="HelloWorld()" classname="week1.HelloTest" time="0.022"/>
  <system-out><![CDATA[]]></system-out>
  <system-err><![CDATA[]]></system-err>
</testsuite>
